Release 14.7 Map P.20131013 (nt64)
Xilinx Mapping Report File for Design 'MIPS'

Design Information
------------------
Command Line   : map -intstyle ise -p xc6slx4-tqg144-3 -w -logic_opt off -ol
high -t 1 -xt 0 -register_duplication off -r 4 -global_opt off -mt off -ir off
-pr off -lc off -power off -o MIPS_map.ncd MIPS.ngd MIPS.pcf 
Target Device  : xc6slx4
Target Package : tqg144
Target Speed   : -3
Mapper Version : spartan6 -- $Revision: 1.55 $
Mapped Date    : Wed Apr 29 06:04:01 2020

Design Summary
--------------
Number of errors:      0
Number of warnings:    1
Slice Logic Utilization:
  Number of Slice Registers:                   105 out of   4,800    2%
    Number used as Flip Flops:                 105
    Number used as Latches:                      0
    Number used as Latch-thrus:                  0
    Number used as AND/OR logics:                0
  Number of Slice LUTs:                        546 out of   2,400   22%
    Number used as logic:                      542 out of   2,400   22%
      Number using O6 output only:             394
      Number using O5 output only:              85
      Number using O5 and O6:                   63
      Number used as ROM:                        0
    Number used as Memory:                       0 out of   1,200    0%
    Number used exclusively as route-thrus:      4
      Number with same-slice register load:      0
      Number with same-slice carry load:         4
      Number with other load:                    0

Slice Logic Distribution:
  Number of occupied Slices:                   177 out of     600   29%
  Number of MUXCYs used:                       160 out of   1,200   13%
  Number of LUT Flip Flop pairs used:          550
    Number with an unused Flip Flop:           461 out of     550   83%
    Number with an unused LUT:                   4 out of     550    1%
    Number of fully used LUT-FF pairs:          85 out of     550   15%
    Number of unique control sets:               3
    Number of slice register sites lost
      to control set restrictions:               7 out of   4,800    1%

  A LUT Flip Flop pair for this architecture represents one LUT paired with
  one Flip Flop within a slice.  A control set is a unique combination of
  clock, reset, set, and enable signals for a registered element.
  The Slice Logic Distribution report is not meaningful if the design is
  over-mapped for a non-slice resource or if Placement fails.

IO Utilization:
  Number of bonded IOBs:                        66 out of     102   64%
    Number of LOCed IOBs:                       66 out of      66  100%

Specific Feature Utilization:
  Number of RAMB16BWERs:                         1 out of      12    8%
  Number of RAMB8BWERs:                          3 out of      24   12%
  Number of BUFIO2/BUFIO2_2CLKs:                 0 out of      32    0%
  Number of BUFIO2FB/BUFIO2FB_2CLKs:             0 out of      32    0%
  Number of BUFG/BUFGMUXs:                       1 out of      16    6%
    Number used as BUFGs:                        1
    Number used as BUFGMUX:                      0
  Number of DCM/DCM_CLKGENs:                     0 out of       4    0%
  Number of ILOGIC2/ISERDES2s:                   0 out of     200    0%
  Number of IODELAY2/IODRP2/IODRP2_MCBs:         0 out of     200    0%
  Number of OLOGIC2/OSERDES2s:                   0 out of     200    0%
  Number of BSCANs:                              0 out of       4    0%
  Number of BUFHs:                               0 out of     128    0%
  Number of BUFPLLs:                             0 out of       8    0%
  Number of BUFPLL_MCBs:                         0 out of       4    0%
  Number of DSP48A1s:                            0 out of       8    0%
  Number of ICAPs:                               0 out of       1    0%
  Number of PCILOGICSEs:                         0 out of       2    0%
  Number of PLL_ADVs:                            0 out of       2    0%
  Number of PMVs:                                0 out of       1    0%
  Number of STARTUPs:                            0 out of       1    0%
  Number of SUSPEND_SYNCs:                       0 out of       1    0%

Average Fanout of Non-Clock Nets:                3.63

Peak Memory Usage:  4522 MB
Total REAL time to MAP completion:  11 secs 
Total CPU time to MAP completion:   11 secs 

Table of Contents
-----------------
Section 1 - Errors
Section 2 - Warnings
Section 3 - Informational
Section 4 - Removed Logic Summary
Section 5 - Removed Logic
Section 6 - IOB Properties
Section 7 - RPMs
Section 8 - Guide Report
Section 9 - Area Group and Partition Summary
Section 10 - Timing Report
Section 11 - Configuration String Information
Section 12 - Control Set Information
Section 13 - Utilization by Hierarchy

Section 1 - Errors
------------------

Section 2 - Warnings
--------------------
WARNING:PhysDesignRules:2410 - This design is using one or more 9K Block RAMs
   (RAMB8BWER).  9K Block RAM initialization data, both user defined and
   default, may be incorrect and should not be used.  For more information,
   please reference Xilinx Answer Record 39999.

Section 3 - Informational
-------------------------
INFO:MapLib:562 - No environment variables are currently set.
INFO:LIT:244 - All of the single ended outputs in this design are using slew
   rate limited output drivers. The delay on speed critical single ended outputs
   can be dramatically reduced by designating them as fast outputs.
INFO:Pack:1716 - Initializing temperature to 85.000 Celsius. (default - Range:
   0.000 to 85.000 Celsius)
INFO:Pack:1720 - Initializing voltage to 1.140 Volts. (default - Range: 1.140 to
   1.260 Volts)
INFO:Map:215 - The Interim Design Summary has been generated in the MAP Report
   (.mrp).
INFO:Pack:1650 - Map created a placed design.

Section 4 - Removed Logic Summary
---------------------------------
   2 block(s) optimized away

Section 5 - Removed Logic
-------------------------

Optimized Block(s):
TYPE 		BLOCK
GND 		XST_GND
VCC 		XST_VCC

To enable printing of redundant blocks removed and signals merged, set the
detailed map report option and rerun map.

Section 6 - IOB Properties
--------------------------

+---------------------------------------------------------------------------------------------------------------------------------------------------------+
| IOB Name                           | Type             | Direction | IO Standard          | Diff  | Drive    | Slew | Reg (s)      | Resistor | IOB      |
|                                    |                  |           |                      | Term  | Strength | Rate |              |          | Delay    |
+---------------------------------------------------------------------------------------------------------------------------------------------------------+
| IN_Port<0>                         | IOB              | INPUT     | LVCMOS25             |       |          |      |              |          |          |
| IN_Port<1>                         | IOB              | INPUT     | LVCMOS25             |       |          |      |              |          |          |
| IN_Port<2>                         | IOB              | INPUT     | LVCMOS25             |       |          |      |              |          |          |
| IN_Port<3>                         | IOB              | INPUT     | LVCMOS25             |       |          |      |              |          |          |
| IN_Port<4>                         | IOB              | INPUT     | LVCMOS25             |       |          |      |              |          |          |
| IN_Port<5>                         | IOB              | INPUT     | LVCMOS25             |       |          |      |              |          |          |
| IN_Port<6>                         | IOB              | INPUT     | LVCMOS25             |       |          |      |              |          |          |
| IN_Port<7>                         | IOB              | INPUT     | LVCMOS25             |       |          |      |              |          |          |
| IN_Port<8>                         | IOB              | INPUT     | LVCMOS25             |       |          |      |              |          |          |
| IN_Port<9>                         | IOB              | INPUT     | LVCMOS25             |       |          |      |              |          |          |
| IN_Port<10>                        | IOB              | INPUT     | LVCMOS25             |       |          |      |              |          |          |
| IN_Port<11>                        | IOB              | INPUT     | LVCMOS25             |       |          |      |              |          |          |
| IN_Port<12>                        | IOB              | INPUT     | LVCMOS25             |       |          |      |              |          |          |
| IN_Port<13>                        | IOB              | INPUT     | LVCMOS25             |       |          |      |              |          |          |
| IN_Port<14>                        | IOB              | INPUT     | LVCMOS25             |       |          |      |              |          |          |
| IN_Port<15>                        | IOB              | INPUT     | LVCMOS25             |       |          |      |              |          |          |
| IN_Port<16>                        | IOB              | INPUT     | LVCMOS25             |       |          |      |              |          |          |
| IN_Port<17>                        | IOB              | INPUT     | LVCMOS25             |       |          |      |              |          |          |
| IN_Port<18>                        | IOB              | INPUT     | LVCMOS25             |       |          |      |              |          |          |
| IN_Port<19>                        | IOB              | INPUT     | LVCMOS25             |       |          |      |              |          |          |
| IN_Port<20>                        | IOB              | INPUT     | LVCMOS25             |       |          |      |              |          |          |
| IN_Port<21>                        | IOB              | INPUT     | LVCMOS25             |       |          |      |              |          |          |
| IN_Port<22>                        | IOB              | INPUT     | LVCMOS25             |       |          |      |              |          |          |
| IN_Port<23>                        | IOB              | INPUT     | LVCMOS25             |       |          |      |              |          |          |
| IN_Port<24>                        | IOB              | INPUT     | LVCMOS25             |       |          |      |              |          |          |
| IN_Port<25>                        | IOB              | INPUT     | LVCMOS25             |       |          |      |              |          |          |
| IN_Port<26>                        | IOB              | INPUT     | LVCMOS25             |       |          |      |              |          |          |
| IN_Port<27>                        | IOB              | INPUT     | LVCMOS25             |       |          |      |              |          |          |
| IN_Port<28>                        | IOB              | INPUT     | LVCMOS25             |       |          |      |              |          |          |
| IN_Port<29>                        | IOB              | INPUT     | LVCMOS25             |       |          |      |              |          |          |
| IN_Port<30>                        | IOB              | INPUT     | LVCMOS25             |       |          |      |              |          |          |
| IN_Port<31>                        | IOB              | INPUT     | LVCMOS25             |       |          |      |              |          |          |
| OUT_Port<0>                        | IOB              | OUTPUT    | LVCMOS25             |       | 12       | SLOW |              |          |          |
| OUT_Port<1>                        | IOB              | OUTPUT    | LVCMOS25             |       | 12       | SLOW |              |          |          |
| OUT_Port<2>                        | IOB              | OUTPUT    | LVCMOS25             |       | 12       | SLOW |              |          |          |
| OUT_Port<3>                        | IOB              | OUTPUT    | LVCMOS25             |       | 12       | SLOW |              |          |          |
| OUT_Port<4>                        | IOB              | OUTPUT    | LVCMOS25             |       | 12       | SLOW |              |          |          |
| OUT_Port<5>                        | IOB              | OUTPUT    | LVCMOS25             |       | 12       | SLOW |              |          |          |
| OUT_Port<6>                        | IOB              | OUTPUT    | LVCMOS25             |       | 12       | SLOW |              |          |          |
| OUT_Port<7>                        | IOB              | OUTPUT    | LVCMOS25             |       | 12       | SLOW |              |          |          |
| OUT_Port<8>                        | IOB              | OUTPUT    | LVCMOS25             |       | 12       | SLOW |              |          |          |
| OUT_Port<9>                        | IOB              | OUTPUT    | LVCMOS25             |       | 12       | SLOW |              |          |          |
| OUT_Port<10>                       | IOB              | OUTPUT    | LVCMOS25             |       | 12       | SLOW |              |          |          |
| OUT_Port<11>                       | IOB              | OUTPUT    | LVCMOS25             |       | 12       | SLOW |              |          |          |
| OUT_Port<12>                       | IOB              | OUTPUT    | LVCMOS25             |       | 12       | SLOW |              |          |          |
| OUT_Port<13>                       | IOB              | OUTPUT    | LVCMOS25             |       | 12       | SLOW |              |          |          |
| OUT_Port<14>                       | IOB              | OUTPUT    | LVCMOS25             |       | 12       | SLOW |              |          |          |
| OUT_Port<15>                       | IOB              | OUTPUT    | LVCMOS25             |       | 12       | SLOW |              |          |          |
| OUT_Port<16>                       | IOB              | OUTPUT    | LVCMOS25             |       | 12       | SLOW |              |          |          |
| OUT_Port<17>                       | IOB              | OUTPUT    | LVCMOS25             |       | 12       | SLOW |              |          |          |
| OUT_Port<18>                       | IOB              | OUTPUT    | LVCMOS25             |       | 12       | SLOW |              |          |          |
| OUT_Port<19>                       | IOB              | OUTPUT    | LVCMOS25             |       | 12       | SLOW |              |          |          |
| OUT_Port<20>                       | IOB              | OUTPUT    | LVCMOS25             |       | 12       | SLOW |              |          |          |
| OUT_Port<21>                       | IOB              | OUTPUT    | LVCMOS25             |       | 12       | SLOW |              |          |          |
| OUT_Port<22>                       | IOB              | OUTPUT    | LVCMOS25             |       | 12       | SLOW |              |          |          |
| OUT_Port<23>                       | IOB              | OUTPUT    | LVCMOS25             |       | 12       | SLOW |              |          |          |
| OUT_Port<24>                       | IOB              | OUTPUT    | LVCMOS25             |       | 12       | SLOW |              |          |          |
| OUT_Port<25>                       | IOB              | OUTPUT    | LVCMOS25             |       | 12       | SLOW |              |          |          |
| OUT_Port<26>                       | IOB              | OUTPUT    | LVCMOS25             |       | 12       | SLOW |              |          |          |
| OUT_Port<27>                       | IOB              | OUTPUT    | LVCMOS25             |       | 12       | SLOW |              |          |          |
| OUT_Port<28>                       | IOB              | OUTPUT    | LVCMOS25             |       | 12       | SLOW |              |          |          |
| OUT_Port<29>                       | IOB              | OUTPUT    | LVCMOS25             |       | 12       | SLOW |              |          |          |
| OUT_Port<30>                       | IOB              | OUTPUT    | LVCMOS25             |       | 12       | SLOW |              |          |          |
| OUT_Port<31>                       | IOB              | OUTPUT    | LVCMOS25             |       | 12       | SLOW |              |          |          |
| clk                                | IOB              | INPUT     | LVCMOS25             |       |          |      |              |          |          |
| reset                              | IOB              | INPUT     | LVCMOS25             |       |          |      |              |          |          |
+---------------------------------------------------------------------------------------------------------------------------------------------------------+

Section 7 - RPMs
----------------

Section 8 - Guide Report
------------------------
Guide not run on this design.

Section 9 - Area Group and Partition Summary
--------------------------------------------

Partition Implementation Status
-------------------------------

  No Partitions were found in this design.

-------------------------------

Area Group Information
----------------------

  No area groups were found in this design.

----------------------

Section 10 - Timing Report
--------------------------
A logic-level (pre-route) timing report can be generated by using Xilinx static
timing analysis tools, Timing Analyzer (GUI) or TRCE (command line), with the
mapped NCD and PCF files. Please note that this timing report will be generated
using estimated delay information. For accurate numbers, please generate a
timing report with the post Place and Route NCD file.

For more information about the Timing Analyzer, consult the Xilinx Timing
Analyzer Reference Manual; for more information about TRCE, consult the Xilinx
Command Line Tools User Guide "TRACE" chapter.

Section 11 - Configuration String Details
-----------------------------------------
Use the "-detail" map option to print out Configuration Strings

Section 12 - Control Set Information
------------------------------------
Use the "-detail" map option to print out Control Set Information.

Section 13 - Utilization by Hierarchy
-------------------------------------
Use the "-detail" map option to print out the Utilization by Hierarchy section.
